This is pdfTeX, Version 3.1415926-2.6-1.40.14 (TeX Live 2014/dev) (format=pdflatex 2014.9.12)  14 SEP 2014 22:58
entering extended mode
 restricted \write18 enabled.
 file:line:error style messages enabled.
 %&-line parsing enabled.
**maindoc.tex
(./maindoc.tex
LaTeX2e <2011/06/27>
Babel <3.9h> and hyphenation patterns for 3 languages loaded.
(/usr/share/texlive/texmf-dist/tex/latex/base/article.cls
Document Class: article 2007/10/19 v1.4h Standard LaTeX document class
(/usr/share/texlive/texmf-dist/tex/latex/base/size10.clo
File: size10.clo 2007/10/19 v1.4h Standard LaTeX file (size option)
)
\c@part=\count79
\c@section=\count80
\c@subsection=\count81
\c@subsubsection=\count82
\c@paragraph=\count83
\c@subparagraph=\count84
\c@figure=\count85
\c@table=\count86
\abovecaptionskip=\skip41
\belowcaptionskip=\skip42
\bibindent=\dimen102
)
(/usr/share/texlive/texmf-dist/tex/latex/geometry/geometry.sty
Package: geometry 2010/09/12 v5.6 Page Geometry

(/usr/share/texlive/texmf-dist/tex/latex/graphics/keyval.sty
Package: keyval 1999/03/16 v1.13 key=value parser (DPC)
\KV@toks@=\toks14
)
(/usr/share/texlive/texmf-dist/tex/generic/oberdiek/ifpdf.sty
Package: ifpdf 2011/01/30 v2.3 Provides the ifpdf switch (HO)
Package ifpdf Info: pdfTeX in PDF mode is detected.
)
(/usr/share/texlive/texmf-dist/tex/generic/oberdiek/ifvtex.sty
Package: ifvtex 2010/03/01 v1.5 Detect VTeX and its facilities (HO)
Package ifvtex Info: VTeX not detected.
)
(/usr/share/texlive/texmf-dist/tex/generic/ifxetex/ifxetex.sty
Package: ifxetex 2010/09/12 v0.6 Provides ifxetex conditional
)
\Gm@cnth=\count87
\Gm@cntv=\count88
\c@Gm@tempcnt=\count89
\Gm@bindingoffset=\dimen103
\Gm@wd@mp=\dimen104
\Gm@odd@mp=\dimen105
\Gm@even@mp=\dimen106
\Gm@layoutwidth=\dimen107
\Gm@layoutheight=\dimen108
\Gm@layouthoffset=\dimen109
\Gm@layoutvoffset=\dimen110
\Gm@dimlist=\toks15
)
(/usr/share/texlive/texmf-dist/tex/latex/base/inputenc.sty
Package: inputenc 2008/03/30 v1.1d Input encoding file
\inpenc@prehook=\toks16
\inpenc@posthook=\toks17

(/usr/share/texlive/texmf-dist/tex/latex/base/latin1.def
File: latin1.def 2008/03/30 v1.1d Input encoding file
))
(/usr/share/texlive/texmf-dist/tex/latex/base/fontenc.sty
Package: fontenc 2005/09/27 v1.99g Standard LaTeX package

(/usr/share/texlive/texmf-dist/tex/latex/base/t1enc.def
File: t1enc.def 2005/09/27 v1.99g Standard LaTeX file
LaTeX Font Info:    Redeclaring font encoding T1 on input line 43.
))
(/usr/share/texlive/texmf-dist/tex/generic/babel/babel.sty
Package: babel 2013/12/03 3.9h The Babel package

(/usr/share/texlive/texmf-dist/tex/generic/babel-spanish/spanish.ldf
Language: spanish.ldf 2010/05/23 v5.0j Spanish support from the babel system

(/usr/share/texlive/texmf-dist/tex/generic/babel/babel.def
File: babel.def 2013/12/03 3.9h Babel common definitions
\babel@savecnt=\count90
\U@D=\dimen111
)

Package babel Warning: No hyphenation patterns were preloaded for
(babel)                the language `Spanish' into the format.
(babel)                Please, configure your TeX system to add them and
(babel)                rebuild the format. Now I will use the patterns
(babel)                preloaded for english instead on input line 67.

\l@spanish = a dialect from \language0
\es@datefmt=\count91
\es@quottoks=\toks18
\es@quotdepth=\count92
Package babel Info: Making " an active character on input line 495.
Package babel Info: Making . an active character on input line 588.
Package babel Info: Making < an active character on input line 633.
Package babel Info: Making > an active character on input line 633.
)) (/usr/share/texlive/texmf-dist/tex/latex/amsfonts/amssymb.sty
Package: amssymb 2013/01/14 v3.01 AMS font symbols

(/usr/share/texlive/texmf-dist/tex/latex/amsfonts/amsfonts.sty
Package: amsfonts 2013/01/14 v3.01 Basic AMSFonts support
\@emptytoks=\toks19
\symAMSa=\mathgroup4
\symAMSb=\mathgroup5
LaTeX Font Info:    Overwriting math alphabet `\mathfrak' in version `bold'
(Font)                  U/euf/m/n --> U/euf/b/n on input line 106.
))
(/usr/share/texlive/texmf-dist/tex/latex/amsmath/amsmath.sty
Package: amsmath 2013/01/14 v2.14 AMS math features
\@mathmargin=\skip43

For additional information on amsmath, use the `?' option.
(/usr/share/texlive/texmf-dist/tex/latex/amsmath/amstext.sty
Package: amstext 2000/06/29 v2.01

(/usr/share/texlive/texmf-dist/tex/latex/amsmath/amsgen.sty
File: amsgen.sty 1999/11/30 v2.0
\@emptytoks=\toks20
\ex@=\dimen112
))
(/usr/share/texlive/texmf-dist/tex/latex/amsmath/amsbsy.sty
Package: amsbsy 1999/11/29 v1.2d
\pmbraise@=\dimen113
)
(/usr/share/texlive/texmf-dist/tex/latex/amsmath/amsopn.sty
Package: amsopn 1999/12/14 v2.01 operator names
)
\inf@bad=\count93
LaTeX Info: Redefining \frac on input line 210.
\uproot@=\count94
\leftroot@=\count95
LaTeX Info: Redefining \overline on input line 306.
\classnum@=\count96
\DOTSCASE@=\count97
LaTeX Info: Redefining \ldots on input line 378.
LaTeX Info: Redefining \dots on input line 381.
LaTeX Info: Redefining \cdots on input line 466.
\Mathstrutbox@=\box26
\strutbox@=\box27
\big@size=\dimen114
LaTeX Font Info:    Redeclaring font encoding OML on input line 566.
LaTeX Font Info:    Redeclaring font encoding OMS on input line 567.
\macc@depth=\count98
\c@MaxMatrixCols=\count99
\dotsspace@=\muskip10
\c@parentequation=\count100
\dspbrk@lvl=\count101
\tag@help=\toks21
\row@=\count102
\column@=\count103
\maxfields@=\count104
\andhelp@=\toks22
\eqnshift@=\dimen115
\alignsep@=\dimen116
\tagshift@=\dimen117
\tagwidth@=\dimen118
\totwidth@=\dimen119
\lineht@=\dimen120
\@envbody=\toks23
\multlinegap=\skip44
\multlinetaggap=\skip45
\mathdisplay@stack=\toks24
LaTeX Info: Redefining \[ on input line 2665.
LaTeX Info: Redefining \] on input line 2666.
)
(/usr/share/texlive/texmf-dist/tex/latex/mh/mathtools.sty
Package: mathtools 2013/02/12 v1.13 mathematical typesetting tools

(/usr/share/texlive/texmf-dist/tex/latex/tools/calc.sty
Package: calc 2007/08/22 v4.3 Infix arithmetic (KKT,FJ)
\calc@Acount=\count105
\calc@Bcount=\count106
\calc@Adimen=\dimen121
\calc@Bdimen=\dimen122
\calc@Askip=\skip46
\calc@Bskip=\skip47
LaTeX Info: Redefining \setlength on input line 76.
LaTeX Info: Redefining \addtolength on input line 77.
\calc@Ccount=\count107
\calc@Cskip=\skip48
)
(/usr/share/texlive/texmf-dist/tex/latex/mh/mhsetup.sty
Package: mhsetup 2010/01/21 v1.2a programming setup (MH)
)
LaTeX Info: Thecontrolsequence`\['isalreadyrobust on input line 129.
LaTeX Info: Thecontrolsequence`\]'isalreadyrobust on input line 129.
\g_MT_multlinerow_int=\count108
\l_MT_multwidth_dim=\dimen123
\origjot=\skip49
\l_MT_shortvdotswithinadjustabove_dim=\dimen124
\l_MT_shortvdotswithinadjustbelow_dim=\dimen125
\l_MT_above_intertext_sep=\dimen126
\l_MT_below_intertext_sep=\dimen127
\l_MT_above_shortintertext_sep=\dimen128
\l_MT_below_shortintertext_sep=\dimen129
)
(/usr/share/texlive/texmf-dist/tex/latex/fancyhdr/fancyhdr.sty
\fancy@headwidth=\skip50
\f@ncyO@elh=\skip51
\f@ncyO@erh=\skip52
\f@ncyO@olh=\skip53
\f@ncyO@orh=\skip54
\f@ncyO@elf=\skip55
\f@ncyO@erf=\skip56
\f@ncyO@olf=\skip57
\f@ncyO@orf=\skip58
)
(/usr/share/texlive/texmf-dist/tex/latex/lastpage/lastpage.sty
Package: lastpage 2013/01/28 v1.2l Refers to last page's name (HMM; JPG)
) (./caratula.sty
Package: caratula 2005/08/09 v0.4 Para componer caratulas de TPs del DC
(/usr/share/texlive/texmf-dist/tex/latex/base/ifthen.sty
Package: ifthen 2001/05/26 v1.1c Standard LaTeX ifthen package (DPC)
)
(/usr/share/texlive/texmf-dist/tex/latex/graphics/graphicx.sty
Package: graphicx 1999/02/16 v1.0f Enhanced LaTeX Graphics (DPC,SPQR)

(/usr/share/texlive/texmf-dist/tex/latex/graphics/graphics.sty
Package: graphics 2009/02/05 v1.0o Standard LaTeX Graphics (DPC,SPQR)

(/usr/share/texlive/texmf-dist/tex/latex/graphics/trig.sty
Package: trig 1999/03/16 v1.09 sin cos tan (DPC)
)
(/usr/share/texlive/texmf-dist/tex/latex/latexconfig/graphics.cfg
File: graphics.cfg 2010/04/23 v1.9 graphics configuration of TeX Live
)
Package graphics Info: Driver file: pdftex.def on input line 91.

(/usr/share/texlive/texmf-dist/tex/latex/pdftex-def/pdftex.def
File: pdftex.def 2011/05/27 v0.06d Graphics/color for pdfTeX

(/usr/share/texlive/texmf-dist/tex/generic/oberdiek/infwarerr.sty
Package: infwarerr 2010/04/08 v1.3 Providing info/warning/error messages (HO)
)
(/usr/share/texlive/texmf-dist/tex/generic/oberdiek/ltxcmds.sty
Package: ltxcmds 2011/11/09 v1.22 LaTeX kernel commands for general use (HO)
)
\Gread@gobject=\count109
))
\Gin@req@height=\dimen130
\Gin@req@width=\dimen131
)
Cargando package 'caratula' v0.4 (2006/09/29)
\intlist=\toks25
\intlistSinLU=\toks26
\c@integrantesCount=\count110
\intTabNombre=\toks27
\intTabLU=\toks28
\intTabEmail=\toks29
\c@directoresCount=\count111
\direcTabNombre=\toks30
\direcTabEmail=\toks31
) (/usr/share/texlive/texmf-dist/tex/latex/tools/verbatim.sty
Package: verbatim 2003/08/22 v1.5q LaTeX2e package for verbatim enhancements
\every@verbatim=\toks32
\verbatim@line=\toks33
\verbatim@in@stream=\read1
)
(/usr/share/texlive/texmf-dist/tex/latex/tools/xspace.sty
Package: xspace 2009/10/20 v1.13 Space after command names (DPC,MH)
)
(/usr/share/texlive/texmf-dist/tex/latex/xargs/xargs.sty
Package: xargs 2008/03/22 v1.1  extended macro definitions  (mpg)

(/usr/share/texlive/texmf-dist/tex/latex/xkeyval/xkeyval.sty
Package: xkeyval 2012/10/14 v2.6b package option processing (HA)

(/usr/share/texlive/texmf-dist/tex/generic/xkeyval/xkeyval.tex
\XKV@toks=\toks34
\XKV@tempa@toks=\toks35
\XKV@depth=\count112
File: xkeyval.tex 2012/10/14 v2.6b key=value parser (HA)
))
\xargs@max=\count113
\xargs@toksa=\toks36
\xargs@toksb=\toks37
)
(/usr/share/texlive/texmf-dist/tex/latex/float/float.sty
Package: float 2001/11/08 v1.3d Float enhancements (AL)
\c@float@type=\count114
\float@exts=\toks38
\float@box=\box28
\@float@everytoks=\toks39
\@floatcapt=\box29
) (./algorithm2e.sty
Package: algorithm2e 2013/01/06 v5.00 algorithms environments
\c@AlgoLine=\count115

(/usr/share/texlive/texmf-dist/tex/latex/relsize/relsize.sty
Package: relsize 2013/03/29 ver 4.1
)
********************************************************
Package `algorithm2e' Release 5.0 -- january 06 2013 --
- algorithm2e-announce@lirmm.fr mailing list for announcement about releases
- algorithm2e-discussion@lirmm.fr mailing list for discussion about package
subscribe by emailing sympa@lirmm.fr with 'subscribe <list> <firstname name>'
- Author: Christophe Fiorio (cfiorio@um2.fr)
********************************************************
\skiptotal=\skip59
\skiplinenumber=\skip60
\skiprule=\skip61
\skiphlne=\skip62
\skiptext=\skip63
\skiplength=\skip64
\algomargin=\skip65
\skipalgocfslide=\skip66
\algowidth=\dimen132
\inoutsize=\dimen133
\inoutindent=\dimen134
\interspacetitleruled=\dimen135
\interspacealgoruled=\dimen136
\interspacetitleboxruled=\dimen137
\algocf@inoutbox=\box30
\algocf@inputbox=\box31
\AlCapSkip=\skip67
\AlCapHSkip=\skip68
\algoskipindent=\skip69
\algocf@nlbox=\box32
\algocf@hangingbox=\box33
\algocf@untilbox=\box34
\algocf@skipuntil=\skip70
\algocf@capbox=\box35
\algoheightruledefault=\skip71
\algoheightrule=\skip72
\algotitleheightruledefault=\skip73
\algotitleheightrule=\skip74
\c@algocfline=\count116
\c@algocfproc=\count117
\c@algocf=\count118
\algocf@algoframe=\box36
\algocf@algobox=\box37
) (/usr/share/texlive/texmf-dist/tex/latex/listings/listings.sty
\lst@mode=\count119
\lst@gtempboxa=\box38
\lst@token=\toks40
\lst@length=\count120
\lst@currlwidth=\dimen138
\lst@column=\count121
\lst@pos=\count122
\lst@lostspace=\dimen139
\lst@width=\dimen140
\lst@newlines=\count123
\lst@lineno=\count124
\lst@maxwidth=\dimen141

(/usr/share/texlive/texmf-dist/tex/latex/listings/lstmisc.sty
File: lstmisc.sty 2013/08/26 1.5b (Carsten Heinz)
\c@lstnumber=\count125
\lst@skipnumbers=\count126
\lst@framebox=\box39
)
(/usr/share/texlive/texmf-dist/tex/latex/listings/listings.cfg
File: listings.cfg 2013/08/26 1.5b listings configuration
))
Package: listings 2013/08/26 1.5b (Carsten Heinz)

(/usr/share/texlive/texmf-dist/tex/latex/braket/braket.sty)
(/usr/share/texlive/texmf-dist/tex/latex/listings/lstlang1.sty
File: lstlang1.sty 2013/08/26 1.5b listings language file
)
(/usr/share/texlive/texmf-dist/tex/latex/listings/lstlang1.sty
File: lstlang1.sty 2013/08/26 1.5b listings language file
)
(/usr/share/texlive/texmf-dist/tex/latex/listings/lstmisc.sty
File: lstmisc.sty 2013/08/26 1.5b (Carsten Heinz)
)
\IntFuncionLengthA=\skip75
\IntFuncionLengthB=\skip76
\IntFuncionLengthC=\skip77
\lenTupla=\skip78

No file maindoc.aux.
\openout1 = `maindoc.aux'.

LaTeX Font Info:    Checking defaults for OML/cmm/m/it on input line 194.
LaTeX Font Info:    ... okay on input line 194.
LaTeX Font Info:    Checking defaults for T1/cmr/m/n on input line 194.
LaTeX Font Info:    ... okay on input line 194.
LaTeX Font Info:    Checking defaults for OT1/cmr/m/n on input line 194.
LaTeX Font Info:    ... okay on input line 194.
LaTeX Font Info:    Checking defaults for OMS/cmsy/m/n on input line 194.
LaTeX Font Info:    ... okay on input line 194.
LaTeX Font Info:    Checking defaults for OMX/cmex/m/n on input line 194.
LaTeX Font Info:    ... okay on input line 194.
LaTeX Font Info:    Checking defaults for U/cmr/m/n on input line 194.
LaTeX Font Info:    ... okay on input line 194.
*geometry* driver: auto-detecting
*geometry* detected driver: pdftex
*geometry* verbose mode - [ preamble ] result:
* driver: pdftex
* paper: a4paper
* layout: <same size as paper>
* layoutoffset:(h,v)=(0.0pt,0.0pt)
* modes: 
* h-part:(L,W,R)=(42.67912pt, 512.14963pt, 42.67912pt)
* v-part:(T,H,B)=(99.58464pt, 702.78308pt, 42.67912pt)
* \paperwidth=597.50787pt
* \paperheight=845.04684pt
* \textwidth=512.14963pt
* \textheight=702.78308pt
* \oddsidemargin=-29.59087pt
* \evensidemargin=-29.59087pt
* \topmargin=-9.68535pt
* \headheight=13.0pt
* \headsep=25.0pt
* \topskip=10.0pt
* \footskip=30.0pt
* \marginparwidth=57.0pt
* \marginparsep=11.0pt
* \columnsep=10.0pt
* \skip\footins=9.0pt plus 4.0pt minus 2.0pt
* \hoffset=0.0pt
* \voffset=0.0pt
* \mag=1000
* \@twocolumnfalse
* \@twosidefalse
* \@mparswitchfalse
* \@reversemarginfalse
* (1in=72.27pt=25.4mm, 1cm=28.453pt)

LaTeX Info: Redefining \. on input line 194.
LaTeX Info: Redefining \% on input line 194.
Package lastpage Info: Please have a look at the pageslts package at
(lastpage)             http://www.ctan.org/tex-archive/ 
(lastpage)             macros/latex/contrib/pageslts/ 
(lastpage)             or
(lastpage)             http://www.ctan.org/tex-archive/ 
(lastpage)             install/macros/latex/contrib/pageslts.tds.zip
(lastpage)             ! on input line 194.
(/usr/share/texlive/texmf-dist/tex/context/base/supp-pdf.mkii
[Loading MPS to PDF converter (version 2006.09.02).]
\scratchcounter=\count127
\scratchdimen=\dimen142
\scratchbox=\box40
\nofMPsegments=\count128
\nofMParguments=\count129
\everyMPshowfont=\toks41
\MPscratchCnt=\count130
\MPscratchDim=\dimen143
\MPnumerator=\count131
\makeMPintoPDFobject=\count132
\everyMPtoPDFconversion=\toks42
) (/usr/share/texlive/texmf-dist/tex/generic/oberdiek/pdftexcmds.sty
Package: pdftexcmds 2011/11/29 v0.20 Utility functions of pdfTeX for LuaTeX (HO
)

(/usr/share/texlive/texmf-dist/tex/generic/oberdiek/ifluatex.sty
Package: ifluatex 2010/03/01 v1.3 Provides the ifluatex switch (HO)
Package ifluatex Info: LuaTeX not detected.
)
Package pdftexcmds Info: LuaTeX not detected.
Package pdftexcmds Info: \pdf@primitive is available.
Package pdftexcmds Info: \pdf@ifprimitive is available.
Package pdftexcmds Info: \pdfdraftmode found.
)
(/usr/share/texlive/texmf-dist/tex/latex/oberdiek/epstopdf-base.sty
Package: epstopdf-base 2010/02/09 v2.5 Base part for package epstopdf

(/usr/share/texlive/texmf-dist/tex/latex/oberdiek/grfext.sty
Package: grfext 2010/08/19 v1.1 Manage graphics extensions (HO)

(/usr/share/texlive/texmf-dist/tex/generic/oberdiek/kvdefinekeys.sty
Package: kvdefinekeys 2011/04/07 v1.3 Define keys (HO)
))
(/usr/share/texlive/texmf-dist/tex/latex/oberdiek/kvoptions.sty
Package: kvoptions 2011/06/30 v3.11 Key value format for package options (HO)

(/usr/share/texlive/texmf-dist/tex/generic/oberdiek/kvsetkeys.sty
Package: kvsetkeys 2012/04/25 v1.16 Key value parser (HO)

(/usr/share/texlive/texmf-dist/tex/generic/oberdiek/etexcmds.sty
Package: etexcmds 2011/02/16 v1.5 Avoid name clashes with e-TeX commands (HO)
Package etexcmds Info: Could not find \expanded.
(etexcmds)             That can mean that you are not using pdfTeX 1.50 or
(etexcmds)             that some package has redefined \expanded.
(etexcmds)             In the latter case, load this package earlier.
)))
Package grfext Info: Graphics extension search list:
(grfext)             [.png,.pdf,.jpg,.mps,.jpeg,.jbig2,.jb2,.PNG,.PDF,.JPG,.JPE
G,.JBIG2,.JB2,.eps]
(grfext)             \AppendGraphicsExtensions on input line 452.

(/usr/share/texlive/texmf-dist/tex/latex/latexconfig/epstopdf-sys.cfg
File: epstopdf-sys.cfg 2010/07/13 v1.3 Configuration of (r)epstopdf for TeX Liv
e
))
\c@lstlisting=\count133

<logo_dc.jpg, id=1, 215.6055pt x 83.5923pt>
File: logo_dc.jpg Graphic file (type jpg)
 <use logo_dc.jpg>
Package pdftex.def Info: logo_dc.jpg used on input line 196.
(pdftex.def)             Requested size: 215.60497pt x 83.59207pt.

Underfull \hbox (badness 10000) in paragraph at lines 196--196

 []

LaTeX Font Info:    Try loading font information for U+msa on input line 196.
(/usr/share/texlive/texmf-dist/tex/latex/amsfonts/umsa.fd
File: umsa.fd 2013/01/14 v3.01 AMS symbols A
)
LaTeX Font Info:    Try loading font information for U+msb on input line 196.

(/usr/share/texlive/texmf-dist/tex/latex/amsfonts/umsb.fd
File: umsb.fd 2013/01/14 v3.01 AMS symbols B
)
LaTeX Font Info:    Try loading font information for T1+cmtt on input line 196.


(/usr/share/texlive/texmf-dist/tex/latex/base/t1cmtt.fd
File: t1cmtt.fd 1999/05/25 v2.5h Standard LaTeX font definitions
)
<logo_uba.jpg, id=2, 225.4824pt x 231.7458pt>
File: logo_uba.jpg Graphic file (type jpg)
 <use logo_uba.jpg>
Package pdftex.def Info: logo_uba.jpg used on input line 196.
(pdftex.def)             Requested size: 225.48184pt x 231.74522pt.
LaTeX Font Info:    Try loading font information for T1+cmss on input line 196.


(/usr/share/texlive/texmf-dist/tex/latex/base/t1cmss.fd
File: t1cmss.fd 1999/05/25 v2.5h Standard LaTeX font definitions
)
Underfull \hbox (badness 10000) in paragraph at lines 196--196

 []

[1

{/usr/share/texlive/texmf-dist/fonts/map/pdftex/updmap/pdftex.map} <./logo_dc.j
pg> <./logo_uba.jpg>]
No file maindoc.toc.
\tf@toc=\write3
\openout3 = `maindoc.toc'.


LaTeX Warning: Reference `LastPage' on page 2 undefined on input line 199.

[2] (./parte1.tex <./Graficos/ej2_1.png, id=22, 1030.85126pt x 157.58875pt>
File: ./Graficos/ej2_1.png Graphic file (type png)

<use ./Graficos/ej2_1.png>
Package pdftex.def Info: ./Graficos/ej2_1.png used on input line 20.
(pdftex.def)             Requested size: 512.14963pt x 78.294pt.

Overfull \hbox (15.0pt too wide) in paragraph at lines 20--21
[][] 
 []

<./Graficos/ej2_2.png, id=23, 1030.85126pt x 187.70125pt>
File: ./Graficos/ej2_2.png Graphic file (type png)

<use ./Graficos/ej2_2.png>
Package pdftex.def Info: ./Graficos/ej2_2.png used on input line 25.
(pdftex.def)             Requested size: 512.14963pt x 93.25465pt.

Overfull \hbox (15.0pt too wide) in paragraph at lines 25--26
[][] 
 []

<./Graficos/ej2_3.png, id=24, 1030.85126pt x 187.70125pt>
File: ./Graficos/ej2_3.png Graphic file (type png)

<use ./Graficos/ej2_3.png>
Package pdftex.def Info: ./Graficos/ej2_3.png used on input line 30.
(pdftex.def)             Requested size: 512.14963pt x 93.25465pt.

Overfull \hbox (15.0pt too wide) in paragraph at lines 30--31
[][] 
 []

)

LaTeX Warning: Reference `LastPage' on page 3 undefined on input line 203.

[3 <./Graficos/ej2_1.png (PNG copy)> <./Graficos/ej2_2.png (PNG copy)> <./Grafi
cos/ej2_3.png (PNG copy)>] (./parte2.tex
<./Graficos/ej4_1.png, id=33, 1030.85126pt x 278.03876pt>
File: ./Graficos/ej4_1.png Graphic file (type png)

<use ./Graficos/ej4_1.png>
Package pdftex.def Info: ./Graficos/ej4_1.png used on input line 21.
(pdftex.def)             Requested size: 512.14963pt x 138.13658pt.

Overfull \hbox (15.0pt too wide) in paragraph at lines 21--22
[][] 
 []

<./Graficos/ej4_2.png, id=34, 1030.85126pt x 308.15125pt>
File: ./Graficos/ej4_2.png Graphic file (type png)

<use ./Graficos/ej4_2.png>
Package pdftex.def Info: ./Graficos/ej4_2.png used on input line 36.
(pdftex.def)             Requested size: 512.14963pt x 153.09721pt.

Overfull \hbox (15.0pt too wide) in paragraph at lines 36--37
[][] 
 []


LaTeX Warning: Reference `LastPage' on page 4 undefined on input line 37.

[4 <./Graficos/ej4_1.png (PNG copy)>]
<./Graficos/ej4_3.png, id=38, 1030.85126pt x 278.03876pt>
File: ./Graficos/ej4_3.png Graphic file (type png)

<use ./Graficos/ej4_3.png>
Package pdftex.def Info: ./Graficos/ej4_3.png used on input line 43.
(pdftex.def)             Requested size: 512.14963pt x 138.13658pt.

Overfull \hbox (15.0pt too wide) in paragraph at lines 43--44
[][] 
 []

<./Graficos/ej4_4.png, id=39, 1030.85126pt x 308.15125pt>
File: ./Graficos/ej4_4.png Graphic file (type png)

<use ./Graficos/ej4_4.png>
Package pdftex.def Info: ./Graficos/ej4_4.png used on input line 55.
(pdftex.def)             Requested size: 512.14963pt x 153.09721pt.

Overfull \hbox (15.0pt too wide) in paragraph at lines 55--56
[][] 
 []

(./ej5.tex))

LaTeX Warning: Reference `LastPage' on page 5 undefined on input line 207.

[5 <./Graficos/ej4_2.png (PNG copy)> <./Graficos/ej4_3.png (PNG copy)> <./Grafi
cos/ej4_4.png (PNG copy)>] (./parte3.tex
Underfull \hbox (badness 10000) in paragraph at lines 24--26

 []

<./Graficos/ej7_1core_q2.png, id=43, 1030.85126pt x 187.70125pt>
File: ./Graficos/ej7_1core_q2.png Graphic file (type png)

<use ./Graficos/ej7_1core_q2.png>
Package pdftex.def Info: ./Graficos/ej7_1core_q2.png used on input line 44.
(pdftex.def)             Requested size: 512.14963pt x 93.25465pt.

Underfull \hbox (badness 10000) in paragraph at lines 32--45

 []


Underfull \hbox (badness 10000) in paragraph at lines 32--45

 []


Underfull \hbox (badness 10000) in paragraph at lines 32--45

 []


Underfull \hbox (badness 10000) in paragraph at lines 48--51

 []

<./Graficos/ej7_1core_q3.png, id=44, 1030.85126pt x 187.70125pt>
File: ./Graficos/ej7_1core_q3.png Graphic file (type png)

<use ./Graficos/ej7_1core_q3.png>
Package pdftex.def Info: ./Graficos/ej7_1core_q3.png used on input line 69.
(pdftex.def)             Requested size: 512.14963pt x 93.25465pt.

Underfull \hbox (badness 10000) in paragraph at lines 67--70

 []


LaTeX Warning: Reference `LastPage' on page 6 undefined on input line 70.

[6 <./Graficos/ej7_1core_q2.png (PNG copy)>]
Underfull \hbox (badness 10000) in paragraph at lines 73--76

 []


Underfull \hbox (badness 10000) in paragraph at lines 89--92

 []


Underfull \hbox (badness 10000) in paragraph at lines 89--92

 []

<./Graficos/ej7_1core_q4.png, id=48, 1030.85126pt x 187.70125pt>
File: ./Graficos/ej7_1core_q4.png Graphic file (type png)

<use ./Graficos/ej7_1core_q4.png>
Package pdftex.def Info: ./Graficos/ej7_1core_q4.png used on input line 98.
(pdftex.def)             Requested size: 512.14963pt x 93.25465pt.

Underfull \hbox (badness 10000) in paragraph at lines 96--99

 []


Underfull \hbox (badness 10000) in paragraph at lines 102--105

 []


Underfull \hbox (badness 10000) in paragraph at lines 118--121

 []


Underfull \hbox (badness 10000) in paragraph at lines 118--121

 []


Underfull \hbox (badness 10000) in paragraph at lines 127--128

 []


LaTeX Warning: Reference `LastPage' on page 7 undefined on input line 128.

[7 <./Graficos/ej7_1core_q3.png (PNG copy)> <./Graficos/ej7_1core_q4.png (PNG c
opy)>] <./Graficos/ej7_2core_q2.png, id=53, 1030.85126pt x 187.70125pt>
File: ./Graficos/ej7_2core_q2.png Graphic file (type png)

<use ./Graficos/ej7_2core_q2.png>
Package pdftex.def Info: ./Graficos/ej7_2core_q2.png used on input line 129.
(pdftex.def)             Requested size: 512.14963pt x 93.25465pt.

Overfull \hbox (15.0pt too wide) in paragraph at lines 129--130
[][] 
 []


Underfull \hbox (badness 10000) in paragraph at lines 133--136

 []


Underfull \hbox (badness 10000) in paragraph at lines 149--152

 []


Underfull \hbox (badness 10000) in paragraph at lines 149--152

 []

<./Graficos/ej7_2core_q3.png, id=54, 1030.85126pt x 217.81375pt>
File: ./Graficos/ej7_2core_q3.png Graphic file (type png)

<use ./Graficos/ej7_2core_q3.png>
Package pdftex.def Info: ./Graficos/ej7_2core_q3.png used on input line 160.
(pdftex.def)             Requested size: 512.14963pt x 108.21529pt.

Underfull \hbox (badness 10000) in paragraph at lines 158--161

 []


Underfull \hbox (badness 10000) in paragraph at lines 164--167

 []


Underfull \hbox (badness 10000) in paragraph at lines 180--183

 []


Underfull \hbox (badness 10000) in paragraph at lines 180--183

 []


Underfull \hbox (badness 10000) in paragraph at lines 189--190

 []


LaTeX Warning: Reference `LastPage' on page 8 undefined on input line 190.

[8 <./Graficos/ej7_2core_q2.png (PNG copy)> <./Graficos/ej7_2core_q3.png (PNG c
opy)>] <./Graficos/ej7_2core_q4.png, id=58, 1030.85126pt x 217.81375pt>
File: ./Graficos/ej7_2core_q4.png Graphic file (type png)

<use ./Graficos/ej7_2core_q4.png>
Package pdftex.def Info: ./Graficos/ej7_2core_q4.png used on input line 191.
(pdftex.def)             Requested size: 512.14963pt x 108.21529pt.

Overfull \hbox (15.0pt too wide) in paragraph at lines 191--192
[][] 
 []


Underfull \hbox (badness 10000) in paragraph at lines 195--198

 []


Underfull \hbox (badness 10000) in paragraph at lines 211--214

 []


Underfull \hbox (badness 10000) in paragraph at lines 211--214

 []

<./Graficos/ej7_3core_q2.png, id=59, 1030.85126pt x 217.81375pt>
File: ./Graficos/ej7_3core_q2.png Graphic file (type png)

<use ./Graficos/ej7_3core_q2.png>
Package pdftex.def Info: ./Graficos/ej7_3core_q2.png used on input line 220.
(pdftex.def)             Requested size: 512.14963pt x 108.21529pt.

Underfull \hbox (badness 10000) in paragraph at lines 218--221

 []


Underfull \hbox (badness 10000) in paragraph at lines 224--227

 []


Underfull \hbox (badness 10000) in paragraph at lines 240--243

 []


Underfull \hbox (badness 10000) in paragraph at lines 240--243

 []


Underfull \hbox (badness 10000) in paragraph at lines 248--249

 []


LaTeX Warning: Reference `LastPage' on page 9 undefined on input line 249.

[9 <./Graficos/ej7_2core_q4.png (PNG copy)> <./Graficos/ej7_3core_q2.png (PNG c
opy)>] <./Graficos/ej7_3core_q3.png, id=63, 1030.85126pt x 217.81375pt>
File: ./Graficos/ej7_3core_q3.png Graphic file (type png)

<use ./Graficos/ej7_3core_q3.png>
Package pdftex.def Info: ./Graficos/ej7_3core_q3.png used on input line 250.
(pdftex.def)             Requested size: 512.14963pt x 108.21529pt.

Overfull \hbox (15.0pt too wide) in paragraph at lines 250--251
[][] 
 []


Underfull \hbox (badness 10000) in paragraph at lines 254--257

 []


Underfull \hbox (badness 10000) in paragraph at lines 270--273

 []


Underfull \hbox (badness 10000) in paragraph at lines 270--273

 []

<./Graficos/ej7_3core_q4.png, id=64, 1030.85126pt x 217.81375pt>
File: ./Graficos/ej7_3core_q4.png Graphic file (type png)

<use ./Graficos/ej7_3core_q4.png>
Package pdftex.def Info: ./Graficos/ej7_3core_q4.png used on input line 280.
(pdftex.def)             Requested size: 512.14963pt x 108.21529pt.

Underfull \hbox (badness 10000) in paragraph at lines 278--281

 []


Underfull \hbox (badness 10000) in paragraph at lines 284--287

 []


Underfull \hbox (badness 10000) in paragraph at lines 300--303

 []


Underfull \hbox (badness 10000) in paragraph at lines 300--303

 []

(./ej8.tex

LaTeX Warning: Reference `LastPage' on page 10 undefined on input line 14.

[10 <./Graficos/ej7_3core_q3.png (PNG copy)> <./Graficos/ej7_3core_q4.png (PNG 
copy)>] <./Graficos/ej8_1.png, id=68, 1030.85126pt x 217.81375pt>
File: ./Graficos/ej8_1.png Graphic file (type png)

<use ./Graficos/ej8_1.png>
Package pdftex.def Info: ./Graficos/ej8_1.png used on input line 16.
(pdftex.def)             Requested size: 512.14963pt x 108.21529pt.

Overfull \hbox (15.0pt too wide) in paragraph at lines 16--17
[][] 
 []

<./Graficos/ej8_2.png, id=69, 1030.85126pt x 217.81375pt>
File: ./Graficos/ej8_2.png Graphic file (type png)

<use ./Graficos/ej8_2.png>
Package pdftex.def Info: ./Graficos/ej8_2.png used on input line 24.
(pdftex.def)             Requested size: 512.14963pt x 108.21529pt.

Overfull \hbox (15.0pt too wide) in paragraph at lines 24--25
[][] 
 []

<./Graficos/ej8_3.png, id=70, 1030.85126pt x 368.37625pt>
File: ./Graficos/ej8_3.png Graphic file (type png)

<use ./Graficos/ej8_3.png>
Package pdftex.def Info: ./Graficos/ej8_3.png used on input line 52.
(pdftex.def)             Requested size: 512.14963pt x 183.0185pt.

Overfull \hbox (15.0pt too wide) in paragraph at lines 52--53
[][] 
 []


LaTeX Warning: Reference `LastPage' on page 11 undefined on input line 53.

[11 <./Graficos/ej8_1.png (PNG copy)> <./Graficos/ej8_2.png (PNG copy)>]
<./Graficos/ej8_4.png, id=74, 1030.85126pt x 368.37625pt>
File: ./Graficos/ej8_4.png Graphic file (type png)

<use ./Graficos/ej8_4.png>
Package pdftex.def Info: ./Graficos/ej8_4.png used on input line 59.
(pdftex.def)             Requested size: 512.14963pt x 183.0185pt.

Overfull \hbox (15.0pt too wide) in paragraph at lines 59--60
[][] 
 []

))

LaTeX Warning: Reference `LastPage' on page 12 undefined on input line 211.

[12 <./Graficos/ej8_3.png (PNG copy)> <./Graficos/ej8_4.png (PNG copy)>]
(./referencias.tex
Underfull \hbox (badness 10000) in paragraph at lines 1--3

 []

)

Package lastpage Warning: Rerun to get the references right on input line 214.


AED: lastpage setting LastPage

LaTeX Warning: Reference `LastPage' on page 13 undefined on input line 214.

[13] (./maindoc.aux
LaTeX Info: Redefining \. on input line 6.
LaTeX Info: Redefining \% on input line 6.
)

LaTeX Warning: There were undefined references.


LaTeX Warning: Label(s) may have changed. Rerun to get cross-references right.

 ) 
Here is how much of TeX's memory you used:
 8022 strings out of 494999
 111538 string characters out of 6180801
 230095 words of memory out of 5000000
 11050 multiletter control sequences out of 15000+600000
 15414 words of font info for 36 fonts, out of 8000000 for 9000
 34 hyphenation exceptions out of 8191
 47i,13n,97p,402b,281s stack positions out of 5000i,500n,10000p,200000b,80000s
{/usr/share/texlive/texmf-dist/fonts/enc/dvips/cm-super/cm-super-t1.enc}</usr
/share/texlive/texmf-dist/fonts/type1/public/amsfonts/cm/cmmi10.pfb></usr/share
/texlive/texmf-dist/fonts/type1/public/amsfonts/cm/cmr10.pfb></usr/share/texliv
e/texmf-dist/fonts/type1/public/amsfonts/cm/cmr7.pfb></usr/share/texlive/texmf-
dist/fonts/type1/public/amsfonts/cm/cmsy10.pfb></usr/share/texlive/texmf-dist/f
onts/type1/public/cm-super/sfbi1440.pfb></usr/share/texlive/texmf-dist/fonts/ty
pe1/public/cm-super/sfbx1000.pfb></usr/share/texlive/texmf-dist/fonts/type1/pub
lic/cm-super/sfbx1200.pfb></usr/share/texlive/texmf-dist/fonts/type1/public/cm-
super/sfbx1440.pfb></usr/share/texlive/texmf-dist/fonts/type1/public/cm-super/s
fbx2074.pfb></usr/share/texlive/texmf-dist/fonts/type1/public/cm-super/sfrm0700
.pfb></usr/share/texlive/texmf-dist/fonts/type1/public/cm-super/sfrm1000.pfb></
usr/share/texlive/texmf-dist/fonts/type1/public/cm-super/sfrm1200.pfb></usr/sha
re/texlive/texmf-dist/fonts/type1/public/cm-super/sfss1000.pfb></usr/share/texl
ive/texmf-dist/fonts/type1/public/cm-super/sfsx1000.pfb></usr/share/texlive/tex
mf-dist/fonts/type1/public/cm-super/sfti0700.pfb></usr/share/texlive/texmf-dist
/fonts/type1/public/cm-super/sfti1000.pfb></usr/share/texlive/texmf-dist/fonts/
type1/public/cm-super/sftt1000.pfb>
Output written on maindoc.pdf (13 pages, 840522 bytes).
PDF statistics:
 138 PDF objects out of 1000 (max. 8388607)
 83 compressed objects within 1 object stream
 0 named destinations out of 1000 (max. 500000)
 111 words of extra memory for PDF output out of 10000 (max. 10000000)

